# JRE version: OpenJDK Runtime Environment JBR-17.0.12+1-1087.25-nomod (17.0.12+1) (build 17.0.12+1-b1087.25)
# Java VM: OpenJDK 64-Bit Server VM JBR-17.0.12+1-1087.25-nomod (17.0.12+1-b1087.25, mixed mode, tiered, compressed oops, compressed class ptrs, g1 gc, windows-amd64)
GC Precious Log:
 CPUs: 4 total, 4 available
 Memory: 3790M
 Large Page Support: Disabled
 NUMA Support: Disabled
 Compressed Oops: Enabled (32-bit)
 Heap Region Size: 1M
 Heap Min Capacity: 8M
 Heap Initial Capacity: 60M
 Heap Max Capacity: 948M
 Pre-touch: Disabled
 Parallel Workers: 4
 Concurrent Workers: 1
 Concurrent Refinement Workers: 4
 Periodic GC: Disabled
Heap:
 garbage-first heap   total 99328K, used 73289K [0x00000000c4c00000, 0x0000000100000000)
  region size 1024K, 44 young (45056K), 4 survivors (4096K)
 Metaspace       used 100455K, committed 101312K, reserved 1179648K
  class space    used 12672K, committed 13120K, reserved 1048576K
GC Heap History (20 events):
Event: 5487.286 GC heap after
{Heap after GC invocations=115 (full 1):
 garbage-first heap   total 126976K, used 51617K [0x00000000c4c00000, 0x0000000100000000)
  region size 1024K, 2 young (2048K), 2 survivors (2048K)
 Metaspace       used 97237K, committed 98048K, reserved 1179648K
  class space    used 12485K, committed 12864K, reserved 1048576K
}
Event: 5496.569 GC heap before
{Heap before GC invocations=115 (full 1):
 garbage-first heap   total 126976K, used 55713K [0x00000000c4c00000, 0x0000000100000000)
  region size 1024K, 6 young (6144K), 2 survivors (2048K)
 Metaspace       used 97237K, committed 98048K, reserved 1179648K
  class space    used 12485K, committed 12864K, reserved 1048576K
}
Event: 5496.655 GC heap after
{Heap after GC invocations=116 (full 1):
 garbage-first heap   total 126976K, used 50345K [0x00000000c4c00000, 0x0000000100000000)
  region size 1024K, 1 young (1024K), 1 survivors (1024K)
 Metaspace       used 97237K, committed 98048K, reserved 1179648K
  class space    used 12485K, committed 12864K, reserved 1048576K
}
Event: 5586.674 GC heap before
{Heap before GC invocations=116 (full 1):
 garbage-first heap   total 126976K, used 105641K [0x00000000c4c00000, 0x0000000100000000)
  region size 1024K, 56 young (57344K), 1 survivors (1024K)
 Metaspace       used 97327K, committed 98176K, reserved 1179648K
  class space    used 12492K, committed 12928K, reserved 1048576K
}
Event: 5586.704 GC heap after
{Heap after GC invocations=117 (full 1):
 garbage-first heap   total 126976K, used 52089K [0x00000000c4c00000, 0x0000000100000000)
  region size 1024K, 3 young (3072K), 3 survivors (3072K)
 Metaspace       used 97327K, committed 98176K, reserved 1179648K
  class space    used 12492K, committed 12928K, reserved 1048576K
}
Event: 5594.529 GC heap before
{Heap before GC invocations=118 (full 1):
 garbage-first heap   total 126976K, used 105337K [0x00000000c4c00000, 0x0000000100000000)
  region size 1024K, 56 young (57344K), 3 survivors (3072K)
 Metaspace       used 99009K, committed 99904K, reserved 1179648K
  class space    used 12626K, committed 13056K, reserved 1048576K
}
Event: 5594.559 GC heap after
{Heap after GC invocations=119 (full 1):
 garbage-first heap   total 126976K, used 55457K [0x00000000c4c00000, 0x0000000100000000)
  region size 1024K, 6 young (6144K), 6 survivors (6144K)
 Metaspace       used 99009K, committed 99904K, reserved 1179648K
  class space    used 12626K, committed 13056K, reserved 1048576K
}
Event: 5595.263 GC heap before
{Heap before GC invocations=119 (full 1):
 garbage-first heap   total 126976K, used 56481K [0x00000000c4c00000, 0x0000000100000000)
  region size 1024K, 7 young (7168K), 6 survivors (6144K)
 Metaspace       used 99051K, committed 99968K, reserved 1179648K
  class space    used 12626K, committed 13056K, reserved 1048576K
}
Event: 5595.353 GC heap after
{Heap after GC invocations=120 (full 1):
 garbage-first heap   total 126976K, used 55030K [0x00000000c4c00000, 0x0000000100000000)
  region size 1024K, 1 young (1024K), 1 survivors (1024K)
 Metaspace       used 99051K, committed 99968K, reserved 1179648K
  class space    used 12626K, committed 13056K, reserved 1048576K
}
Event: 5666.017 GC heap before
{Heap before GC invocations=120 (full 1):
 garbage-first heap   total 126976K, used 105206K [0x00000000c4c00000, 0x0000000100000000)
  region size 1024K, 50 young (51200K), 1 survivors (1024K)
 Metaspace       used 99312K, committed 100160K, reserved 1179648K
  class space    used 12630K, committed 13056K, reserved 1048576K
}
Event: 5666.239 GC heap after
{Heap after GC invocations=121 (full 1):
 garbage-first heap   total 126976K, used 56334K [0x00000000c4c00000, 0x0000000100000000)
  region size 1024K, 3 young (3072K), 3 survivors (3072K)
 Metaspace       used 99312K, committed 100160K, reserved 1179648K
  class space    used 12630K, committed 13056K, reserved 1048576K
}
Event: 5738.005 GC heap before
{Heap before GC invocations=122 (full 1):
 garbage-first heap   total 126976K, used 85006K [0x00000000c4c00000, 0x0000000100000000)
  region size 1024K, 32 young (32768K), 3 survivors (3072K)
 Metaspace       used 99287K, committed 100160K, reserved 1179648K
  class space    used 12624K, committed 13056K, reserved 1048576K
}
Event: 5739.142 GC heap after
{Heap after GC invocations=123 (full 2):
 garbage-first heap   total 99328K, used 27871K [0x00000000c4c00000, 0x0000000100000000)
  region size 1024K, 0 young (0K), 0 survivors (0K)
 Metaspace       used 99259K, committed 100160K, reserved 1179648K
  class space    used 12618K, committed 13056K, reserved 1048576K
}
Event: 5741.835 GC heap before
{Heap before GC invocations=123 (full 2):
 garbage-first heap   total 99328K, used 78047K [0x00000000c4c00000, 0x0000000100000000)
  region size 1024K, 50 young (51200K), 0 survivors (0K)
 Metaspace       used 99473K, committed 100352K, reserved 1179648K
  class space    used 12637K, committed 13056K, reserved 1048576K
}
Event: 5741.846 GC heap after
{Heap after GC invocations=124 (full 2):
 garbage-first heap   total 99328K, used 30943K [0x00000000c4c00000, 0x0000000100000000)
  region size 1024K, 3 young (3072K), 3 survivors (3072K)
 Metaspace       used 99473K, committed 100352K, reserved 1179648K
  class space    used 12637K, committed 13056K, reserved 1048576K
}
Event: 5744.861 GC heap before
{Heap before GC invocations=125 (full 2):
 garbage-first heap   total 99328K, used 78047K [0x00000000c4c00000, 0x0000000100000000)
  region size 1024K, 50 young (51200K), 3 survivors (3072K)
 Metaspace       used 100374K, committed 101248K, reserved 1179648K
  class space    used 12673K, committed 13120K, reserved 1048576K
}
Event: 5744.872 GC heap after
{Heap after GC invocations=126 (full 2):
 garbage-first heap   total 99328K, used 32991K [0x00000000c4c00000, 0x0000000100000000)
  region size 1024K, 5 young (5120K), 5 survivors (5120K)
 Metaspace       used 100374K, committed 101248K, reserved 1179648K
  class space    used 12673K, committed 13120K, reserved 1048576K
}
Event: 5815.227 GC heap before
{Heap before GC invocations=126 (full 2):
 garbage-first heap   total 99328K, used 79071K [0x00000000c4c00000, 0x0000000100000000)
  region size 1024K, 50 young (51200K), 5 survivors (5120K)
 Metaspace       used 100457K, committed 101312K, reserved 1179648K
  class space    used 12676K, committed 13120K, reserved 1048576K
}
Event: 5815.428 GC heap after
{Heap after GC invocations=127 (full 2):
 garbage-first heap   total 99328K, used 33353K [0x00000000c4c00000, 0x0000000100000000)
  region size 1024K, 4 young (4096K), 4 survivors (4096K)
 Metaspace       used 100457K, committed 101312K, reserved 1179648K
  class space    used 12676K, committed 13120K, reserved 1048576K
}
Event: 5907.621 GC heap before
{Heap before GC invocations=128 (full 2):
 garbage-first heap   total 99328K, used 73289K [0x00000000c4c00000, 0x0000000100000000)
  region size 1024K, 44 young (45056K), 4 survivors (4096K)
 Metaspace       used 100455K, committed 101312K, reserved 1179648K
  class space    used 12672K, committed 13120K, reserved 1048576K
}

